# JRE version: Java(TM) SE Runtime Environment (19.0.1+10) (build 19.0.1+10-21)
# Java VM: Java HotSpot(TM) 64-Bit Server VM (19.0.1+10-21, mixed mode, sharing, tiered, compressed oops, compressed class ptrs, g1 gc, windows-amd64)
GC Precious Log:
 CardTable entry size: 512
 Card Set container configuration: InlinePtr #cards 4 size 8 Array Of Cards #cards 16 size 48 Howl #buckets 8 coarsen threshold 3686 Howl Bitmap #cards 512 size 80 coarsen threshold 460 Card regions per heap region 1 cards per card region 4096
 CPUs: 16 total, 16 available
 Memory: 14229M
 Large Page Support: Disabled
 NUMA Support: Disabled
 Compressed Oops: Enabled (Zero based)
 Heap Region Size: 2M
 Heap Min Capacity: 8M
 Heap Initial Capacity: 224M
 Heap Max Capacity: 3558M
 Pre-touch: Disabled
 Parallel Workers: 13
 Concurrent Workers: 3
 Concurrent Refinement Workers: 13
 Periodic GC: Disabled
Heap:
 garbage-first heap   total 425984K, used 221254K [0x0000000721a00000, 0x0000000800000000)
  region size 2048K, 81 young (165888K), 1 survivors (2048K)
 Metaspace       used 27118K, committed 27392K, reserved 1114112K
  class space    used 2678K, committed 2816K, reserved 1048576K
GC Heap History (20 events):
Event: 18.485 GC heap before
{Heap before GC invocations=45 (full 0):
 garbage-first heap   total 294912K, used 225580K [0x0000000721a00000, 0x0000000800000000)
  region size 2048K, 86 young (176128K), 5 survivors (10240K)
 Metaspace       used 26638K, committed 26944K, reserved 1114112K
  class space    used 2672K, committed 2816K, reserved 1048576K
}
Event: 18.487 GC heap after
{Heap after GC invocations=46 (full 0):
 garbage-first heap   total 294912K, used 59396K [0x0000000721a00000, 0x0000000800000000)
  region size 2048K, 5 young (10240K), 5 survivors (10240K)
 Metaspace       used 26638K, committed 26944K, reserved 1114112K
  class space    used 2672K, committed 2816K, reserved 1048576K
}
Event: 18.579 GC heap before
{Heap before GC invocations=46 (full 0):
 garbage-first heap   total 294912K, used 225284K [0x0000000721a00000, 0x0000000800000000)
  region size 2048K, 86 young (176128K), 5 survivors (10240K)
 Metaspace       used 26638K, committed 26944K, reserved 1114112K
  class space    used 2672K, committed 2816K, reserved 1048576K
}
Event: 18.581 GC heap after
{Heap after GC invocations=47 (full 0):
 garbage-first heap   total 294912K, used 59394K [0x0000000721a00000, 0x0000000800000000)
  region size 2048K, 5 young (10240K), 5 survivors (10240K)
 Metaspace       used 26638K, committed 26944K, reserved 1114112K
  class space    used 2672K, committed 2816K, reserved 1048576K
}
Event: 18.703 GC heap before
{Heap before GC invocations=47 (full 0):
 garbage-first heap   total 294912K, used 225282K [0x0000000721a00000, 0x0000000800000000)
  region size 2048K, 86 young (176128K), 5 survivors (10240K)
 Metaspace       used 26638K, committed 26944K, reserved 1114112K
  class space    used 2672K, committed 2816K, reserved 1048576K
}
Event: 18.706 GC heap after
{Heap after GC invocations=48 (full 0):
 garbage-first heap   total 354304K, used 59688K [0x0000000721a00000, 0x0000000800000000)
  region size 2048K, 5 young (10240K), 5 survivors (10240K)
 Metaspace       used 26638K, committed 26944K, reserved 1114112K
  class space    used 2672K, committed 2816K, reserved 1048576K
}
Event: 18.842 GC heap before
{Heap before GC invocations=48 (full 0):
 garbage-first heap   total 354304K, used 260392K [0x0000000721a00000, 0x0000000800000000)
  region size 2048K, 103 young (210944K), 5 survivors (10240K)
 Metaspace       used 26638K, committed 26944K, reserved 1114112K
  class space    used 2672K, committed 2816K, reserved 1048576K
}
Event: 18.844 GC heap after
{Heap after GC invocations=49 (full 0):
 garbage-first heap   total 354304K, used 59684K [0x0000000721a00000, 0x0000000800000000)
  region size 2048K, 5 young (10240K), 5 survivors (10240K)
 Metaspace       used 26638K, committed 26944K, reserved 1114112K
  class space    used 2672K, committed 2816K, reserved 1048576K
}
Event: 18.936 GC heap before
{Heap before GC invocations=49 (full 0):
 garbage-first heap   total 354304K, used 260388K [0x0000000721a00000, 0x0000000800000000)
  region size 2048K, 103 young (210944K), 5 survivors (10240K)
 Metaspace       used 26638K, committed 26944K, reserved 1114112K
  class space    used 2672K, committed 2816K, reserved 1048576K
}
Event: 18.938 GC heap after
{Heap after GC invocations=50 (full 0):
 garbage-first heap   total 354304K, used 59386K [0x0000000721a00000, 0x0000000800000000)
  region size 2048K, 5 young (10240K), 5 survivors (10240K)
 Metaspace       used 26638K, committed 26944K, reserved 1114112K
  class space    used 2672K, committed 2816K, reserved 1048576K
}
Event: 19.069 GC heap before
{Heap before GC invocations=50 (full 0):
 garbage-first heap   total 354304K, used 260090K [0x0000000721a00000, 0x0000000800000000)
  region size 2048K, 103 young (210944K), 5 survivors (10240K)
 Metaspace       used 26639K, committed 26944K, reserved 1114112K
  class space    used 2672K, committed 2816K, reserved 1048576K
}
Event: 19.072 GC heap after
{Heap after GC invocations=51 (full 0):
 garbage-first heap   total 354304K, used 59307K [0x0000000721a00000, 0x0000000800000000)
  region size 2048K, 5 young (10240K), 5 survivors (10240K)
 Metaspace       used 26639K, committed 26944K, reserved 1114112K
  class space    used 2672K, committed 2816K, reserved 1048576K
}
Event: 19.197 GC heap before
{Heap before GC invocations=51 (full 0):
 garbage-first heap   total 354304K, used 260011K [0x0000000721a00000, 0x0000000800000000)
  region size 2048K, 103 young (210944K), 5 survivors (10240K)
 Metaspace       used 26639K, committed 26944K, reserved 1114112K
  class space    used 2672K, committed 2816K, reserved 1048576K
}
Event: 19.199 GC heap after
{Heap after GC invocations=52 (full 0):
 garbage-first heap   total 425984K, used 59625K [0x0000000721a00000, 0x0000000800000000)
  region size 2048K, 4 young (8192K), 4 survivors (8192K)
 Metaspace       used 26639K, committed 26944K, reserved 1114112K
  class space    used 2672K, committed 2816K, reserved 1048576K
}
Event: 19.378 GC heap before
{Heap before GC invocations=52 (full 0):
 garbage-first heap   total 425984K, used 305385K [0x0000000721a00000, 0x0000000800000000)
  region size 2048K, 124 young (253952K), 4 survivors (8192K)
 Metaspace       used 26639K, committed 26944K, reserved 1114112K
  class space    used 2672K, committed 2816K, reserved 1048576K
}
Event: 19.380 GC heap after
{Heap after GC invocations=53 (full 0):
 garbage-first heap   total 425984K, used 59367K [0x0000000721a00000, 0x0000000800000000)
  region size 2048K, 2 young (4096K), 2 survivors (4096K)
 Metaspace       used 26639K, committed 26944K, reserved 1114112K
  class space    used 2672K, committed 2816K, reserved 1048576K
}
Event: 19.505 GC heap before
{Heap before GC invocations=53 (full 0):
 garbage-first heap   total 425984K, used 309223K [0x0000000721a00000, 0x0000000800000000)
  region size 2048K, 124 young (253952K), 2 survivors (4096K)
 Metaspace       used 26639K, committed 26944K, reserved 1114112K
  class space    used 2672K, committed 2816K, reserved 1048576K
}
Event: 19.506 GC heap after
{Heap after GC invocations=54 (full 0):
 garbage-first heap   total 425984K, used 59413K [0x0000000721a00000, 0x0000000800000000)
  region size 2048K, 1 young (2048K), 1 survivors (2048K)
 Metaspace       used 26639K, committed 26944K, reserved 1114112K
  class space    used 2672K, committed 2816K, reserved 1048576K
}
Event: 19.625 GC heap before
{Heap before GC invocations=54 (full 0):
 garbage-first heap   total 425984K, used 311317K [0x0000000721a00000, 0x0000000800000000)
  region size 2048K, 124 young (253952K), 1 survivors (2048K)
 Metaspace       used 26639K, committed 26944K, reserved 1114112K
  class space    used 2672K, committed 2816K, reserved 1048576K
}
Event: 19.626 GC heap after
{Heap after GC invocations=55 (full 0):
 garbage-first heap   total 425984K, used 59462K [0x0000000721a00000, 0x0000000800000000)
  region size 2048K, 1 young (2048K), 1 survivors (2048K)
 Metaspace       used 26639K, committed 26944K, reserved 1114112K
  class space    used 2672K, committed 2816K, reserved 1048576K
}

